C:\USERS\THEONLYHUNTER\DESKTOP\ICE_BLOCK\ICE_BLOCK\OPENGL\GLFW\LIB\GLFW3DEBUG.PDB
C:\USERS\THEONLYHUNTER\DESKTOP\ICE_BLOCK\ICE_BLOCK\OPENGL\GLFW\LIB\GLFW3DEBUG.LIB
C:\Users\Theonlyhunter\Desktop\Ice_Block\Ice_Block\OpenGL\GLFW\Debug\clipboard.obj
C:\Users\Theonlyhunter\Desktop\Ice_Block\Ice_Block\OpenGL\GLFW\Debug\context.obj
C:\Users\Theonlyhunter\Desktop\Ice_Block\Ice_Block\OpenGL\GLFW\Debug\gamma.obj
C:\Users\Theonlyhunter\Desktop\Ice_Block\Ice_Block\OpenGL\GLFW\Debug\init.obj
C:\Users\Theonlyhunter\Desktop\Ice_Block\Ice_Block\OpenGL\GLFW\Debug\input.obj
C:\Users\Theonlyhunter\Desktop\Ice_Block\Ice_Block\OpenGL\GLFW\Debug\joystick.obj
C:\Users\Theonlyhunter\Desktop\Ice_Block\Ice_Block\OpenGL\GLFW\Debug\monitor.obj
C:\Users\Theonlyhunter\Desktop\Ice_Block\Ice_Block\OpenGL\GLFW\Debug\time.obj
C:\Users\Theonlyhunter\Desktop\Ice_Block\Ice_Block\OpenGL\GLFW\Debug\wgl_context.obj
C:\Users\Theonlyhunter\Desktop\Ice_Block\Ice_Block\OpenGL\GLFW\Debug\win32_clipboard.obj
C:\Users\Theonlyhunter\Desktop\Ice_Block\Ice_Block\OpenGL\GLFW\Debug\win32_gamma.obj
C:\Users\Theonlyhunter\Desktop\Ice_Block\Ice_Block\OpenGL\GLFW\Debug\win32_init.obj
C:\Users\Theonlyhunter\Desktop\Ice_Block\Ice_Block\OpenGL\GLFW\Debug\win32_joystick.obj
C:\Users\Theonlyhunter\Desktop\Ice_Block\Ice_Block\OpenGL\GLFW\Debug\win32_monitor.obj
C:\Users\Theonlyhunter\Desktop\Ice_Block\Ice_Block\OpenGL\GLFW\Debug\win32_time.obj
C:\Users\Theonlyhunter\Desktop\Ice_Block\Ice_Block\OpenGL\GLFW\Debug\win32_window.obj
C:\Users\Theonlyhunter\Desktop\Ice_Block\Ice_Block\OpenGL\GLFW\Debug\window.obj
C:\Users\Theonlyhunter\Desktop\Ice_Block\Ice_Block\OpenGL\GLFW\Debug\CL.10836.read.1.tlog
C:\Users\Theonlyhunter\Desktop\Ice_Block\Ice_Block\OpenGL\GLFW\Debug\CL.10836.write.1.tlog
C:\Users\Theonlyhunter\Desktop\Ice_Block\Ice_Block\OpenGL\GLFW\Debug\CL.10924.read.1.tlog
C:\Users\Theonlyhunter\Desktop\Ice_Block\Ice_Block\OpenGL\GLFW\Debug\CL.10924.write.1.tlog
C:\Users\Theonlyhunter\Desktop\Ice_Block\Ice_Block\OpenGL\GLFW\Debug\CL.7156.read.1.tlog
C:\Users\Theonlyhunter\Desktop\Ice_Block\Ice_Block\OpenGL\GLFW\Debug\CL.7156.write.1.tlog
C:\Users\Theonlyhunter\Desktop\Ice_Block\Ice_Block\OpenGL\GLFW\Debug\CL.8728.read.1.tlog
C:\Users\Theonlyhunter\Desktop\Ice_Block\Ice_Block\OpenGL\GLFW\Debug\CL.8728.write.1.tlog
C:\Users\Theonlyhunter\Desktop\Ice_Block\Ice_Block\OpenGL\GLFW\Debug\CL.8744.read.1.tlog
C:\Users\Theonlyhunter\Desktop\Ice_Block\Ice_Block\OpenGL\GLFW\Debug\CL.8744.write.1.tlog
C:\Users\Theonlyhunter\Desktop\Ice_Block\Ice_Block\OpenGL\GLFW\Debug\CL.8888.read.1.tlog
C:\Users\Theonlyhunter\Desktop\Ice_Block\Ice_Block\OpenGL\GLFW\Debug\CL.8888.write.1.tlog
C:\Users\Theonlyhunter\Desktop\Ice_Block\Ice_Block\OpenGL\GLFW\Debug\CL.9024.read.1.tlog
C:\Users\Theonlyhunter\Desktop\Ice_Block\Ice_Block\OpenGL\GLFW\Debug\CL.9024.write.1.tlog
C:\Users\Theonlyhunter\Desktop\Ice_Block\Ice_Block\OpenGL\GLFW\Debug\CL.9968.read.1.tlog
C:\Users\Theonlyhunter\Desktop\Ice_Block\Ice_Block\OpenGL\GLFW\Debug\CL.9968.write.1.tlog
C:\Users\Theonlyhunter\Desktop\Ice_Block\Ice_Block\OpenGL\GLFW\Debug\cl.command.1.tlog
C:\Users\Theonlyhunter\Desktop\Ice_Block\Ice_Block\OpenGL\GLFW\Debug\CL.read.1.tlog
C:\Users\Theonlyhunter\Desktop\Ice_Block\Ice_Block\OpenGL\GLFW\Debug\cl.write.1.tlog
C:\Users\Theonlyhunter\Desktop\Ice_Block\Ice_Block\OpenGL\GLFW\Debug\Lib-link.read.1.tlog
C:\Users\Theonlyhunter\Desktop\Ice_Block\Ice_Block\OpenGL\GLFW\Debug\Lib-link.write.1.tlog
C:\Users\Theonlyhunter\Desktop\Ice_Block\Ice_Block\OpenGL\GLFW\Debug\lib.command.1.tlog
C:\Users\Theonlyhunter\Desktop\Ice_Block\Ice_Block\OpenGL\GLFW\lib\GLFW3Debug.pdb
C:\Users\Theonlyhunter\Desktop\Ice_Block\Ice_Block\OpenGL\GLFW\lib\GLFW3Debug.lib
