C:\USERS\THEONLYHUNTER\DESKTOP\ICE_BLOCK\ICE_BLOCK\OPENGL\GLTOOLS\LIB\GLTOOLSDEBUG.PDB
C:\USERS\THEONLYHUNTER\DESKTOP\ICE_BLOCK\ICE_BLOCK\OPENGL\GLTOOLS\DEBUG\GLEW.OBJ
C:\USERS\THEONLYHUNTER\DESKTOP\ICE_BLOCK\ICE_BLOCK\OPENGL\GLTOOLS\LIB\GLTOOLSDEBUG.LIB
C:\Users\Theonlyhunter\Desktop\Ice_Block\Ice_Block\OpenGL\GLTools\Debug\GLBatch.obj
C:\Users\Theonlyhunter\Desktop\Ice_Block\Ice_Block\OpenGL\GLTools\Debug\glew.obj
C:\Users\Theonlyhunter\Desktop\Ice_Block\Ice_Block\OpenGL\GLTools\Debug\GLShaderManager.obj
C:\Users\Theonlyhunter\Desktop\Ice_Block\Ice_Block\OpenGL\GLTools\Debug\GLTools.obj
C:\Users\Theonlyhunter\Desktop\Ice_Block\Ice_Block\OpenGL\GLTools\Debug\GLTriangleBatch.obj
C:\Users\Theonlyhunter\Desktop\Ice_Block\Ice_Block\OpenGL\GLTools\Debug\math3d.obj
C:\Users\Theonlyhunter\Desktop\Ice_Block\Ice_Block\OpenGL\GLTools\Debug\CL.10416.read.1.tlog
C:\Users\Theonlyhunter\Desktop\Ice_Block\Ice_Block\OpenGL\GLTools\Debug\CL.10416.write.1.tlog
C:\Users\Theonlyhunter\Desktop\Ice_Block\Ice_Block\OpenGL\GLTools\Debug\CL.7256.read.1.tlog
C:\Users\Theonlyhunter\Desktop\Ice_Block\Ice_Block\OpenGL\GLTools\Debug\CL.7256.write.1.tlog
C:\Users\Theonlyhunter\Desktop\Ice_Block\Ice_Block\OpenGL\GLTools\Debug\CL.912.read.1.tlog
C:\Users\Theonlyhunter\Desktop\Ice_Block\Ice_Block\OpenGL\GLTools\Debug\CL.912.write.1.tlog
C:\Users\Theonlyhunter\Desktop\Ice_Block\Ice_Block\OpenGL\GLTools\Debug\CL.9236.read.1.tlog
C:\Users\Theonlyhunter\Desktop\Ice_Block\Ice_Block\OpenGL\GLTools\Debug\CL.9236.write.1.tlog
C:\Users\Theonlyhunter\Desktop\Ice_Block\Ice_Block\OpenGL\GLTools\Debug\CL.9432.read.1.tlog
C:\Users\Theonlyhunter\Desktop\Ice_Block\Ice_Block\OpenGL\GLTools\Debug\CL.9432.write.1.tlog
C:\Users\Theonlyhunter\Desktop\Ice_Block\Ice_Block\OpenGL\GLTools\Debug\cl.command.1.tlog
C:\Users\Theonlyhunter\Desktop\Ice_Block\Ice_Block\OpenGL\GLTools\Debug\CL.read.1.tlog
C:\Users\Theonlyhunter\Desktop\Ice_Block\Ice_Block\OpenGL\GLTools\Debug\cl.write.1.tlog
C:\Users\Theonlyhunter\Desktop\Ice_Block\Ice_Block\OpenGL\GLTools\Debug\Lib-link.read.1.tlog
C:\Users\Theonlyhunter\Desktop\Ice_Block\Ice_Block\OpenGL\GLTools\Debug\Lib-link.write.1.tlog
C:\Users\Theonlyhunter\Desktop\Ice_Block\Ice_Block\OpenGL\GLTools\Debug\lib.command.1.tlog
C:\Users\Theonlyhunter\Desktop\Ice_Block\Ice_Block\OpenGL\GLTools\lib\gltoolsDebug.pdb
C:\Users\Theonlyhunter\Desktop\Ice_Block\Ice_Block\OpenGL\GLTools\lib\gltoolsDebug.lib
