C:\USERS\THEONLYHUNTER\DESKTOP\ICE_BLOCK\ICE_BLOCK\TIME\LIB\TIMEDEBUG.PDB
C:\USERS\THEONLYHUNTER\DESKTOP\ICE_BLOCK\ICE_BLOCK\TIME\LIB\TIMEDEBUG.LIB
C:\Users\Theonlyhunter\Desktop\Ice_Block\Ice_Block\Time\Debug\StopWatch.obj
C:\Users\Theonlyhunter\Desktop\Ice_Block\Ice_Block\Time\Debug\Time.obj
C:\Users\Theonlyhunter\Desktop\Ice_Block\Ice_Block\Time\Debug\Timer.obj
C:\Users\Theonlyhunter\Desktop\Ice_Block\Ice_Block\Time\Debug\Timer_win32.obj
C:\Users\Theonlyhunter\Desktop\Ice_Block\Ice_Block\Time\Debug\CL.10872.read.1.tlog
C:\Users\Theonlyhunter\Desktop\Ice_Block\Ice_Block\Time\Debug\CL.10872.write.1.tlog
C:\Users\Theonlyhunter\Desktop\Ice_Block\Ice_Block\Time\Debug\CL.8188.read.1.tlog
C:\Users\Theonlyhunter\Desktop\Ice_Block\Ice_Block\Time\Debug\CL.8188.write.1.tlog
C:\Users\Theonlyhunter\Desktop\Ice_Block\Ice_Block\Time\Debug\CL.8760.read.1.tlog
C:\Users\Theonlyhunter\Desktop\Ice_Block\Ice_Block\Time\Debug\CL.8760.write.1.tlog
C:\Users\Theonlyhunter\Desktop\Ice_Block\Ice_Block\Time\Debug\CL.9872.read.1.tlog
C:\Users\Theonlyhunter\Desktop\Ice_Block\Ice_Block\Time\Debug\CL.9872.write.1.tlog
C:\Users\Theonlyhunter\Desktop\Ice_Block\Ice_Block\Time\Debug\cl.command.1.tlog
C:\Users\Theonlyhunter\Desktop\Ice_Block\Ice_Block\Time\Debug\CL.read.1.tlog
C:\Users\Theonlyhunter\Desktop\Ice_Block\Ice_Block\Time\Debug\cl.write.1.tlog
C:\Users\Theonlyhunter\Desktop\Ice_Block\Ice_Block\Time\Debug\Lib-link.read.1.tlog
C:\Users\Theonlyhunter\Desktop\Ice_Block\Ice_Block\Time\Debug\Lib-link.write.1.tlog
C:\Users\Theonlyhunter\Desktop\Ice_Block\Ice_Block\Time\Debug\lib.command.1.tlog
C:\Users\Theonlyhunter\Desktop\Ice_Block\Ice_Block\Time\lib\TimeDebug.pdb
C:\Users\Theonlyhunter\Desktop\Ice_Block\Ice_Block\Time\lib\TimeDebug.lib
