C:\USERS\THEONLYHUNTER\DESKTOP\ICE_BLOCK\ICE_BLOCK\AZUL\LIB\AZULDEBUG.PDB
C:\USERS\THEONLYHUNTER\DESKTOP\ICE_BLOCK\ICE_BLOCK\AZUL\DEBUG\ENGINE.OBJ
C:\USERS\THEONLYHUNTER\DESKTOP\ICE_BLOCK\ICE_BLOCK\AZUL\DEBUG\MOUSE.OBJ
C:\USERS\THEONLYHUNTER\DESKTOP\ICE_BLOCK\ICE_BLOCK\AZUL\DEBUG\USERINTERFACE.OBJ
C:\USERS\THEONLYHUNTER\DESKTOP\ICE_BLOCK\ICE_BLOCK\AZUL\DEBUG\GRAPHICSOBJECT_WIREFRAME.OBJ
C:\USERS\THEONLYHUNTER\DESKTOP\ICE_BLOCK\ICE_BLOCK\AZUL\DEBUG\RENDER_FLATTEXTURE.OBJ
C:\USERS\THEONLYHUNTER\DESKTOP\ICE_BLOCK\ICE_BLOCK\AZUL\DEBUG\GRAPHICSOBJECT.OBJ
C:\USERS\THEONLYHUNTER\DESKTOP\ICE_BLOCK\ICE_BLOCK\AZUL\DEBUG\RENDER_WIREFRAME.OBJ
C:\USERS\THEONLYHUNTER\DESKTOP\ICE_BLOCK\ICE_BLOCK\AZUL\DEBUG\CAMERA.OBJ
C:\USERS\THEONLYHUNTER\DESKTOP\ICE_BLOCK\ICE_BLOCK\AZUL\DEBUG\KEYBOARD.OBJ
C:\USERS\THEONLYHUNTER\DESKTOP\ICE_BLOCK\ICE_BLOCK\AZUL\DEBUG\GPUTEXTURE.OBJ
C:\USERS\THEONLYHUNTER\DESKTOP\ICE_BLOCK\ICE_BLOCK\AZUL\DEBUG\CAMERAMAN.OBJ
C:\USERS\THEONLYHUNTER\DESKTOP\ICE_BLOCK\ICE_BLOCK\AZUL\DEBUG\INPUTMAN.OBJ
C:\USERS\THEONLYHUNTER\DESKTOP\ICE_BLOCK\ICE_BLOCK\AZUL\DEBUG\SHADERMAN.OBJ
C:\USERS\THEONLYHUNTER\DESKTOP\ICE_BLOCK\ICE_BLOCK\AZUL\DEBUG\GRAPHICSOBJECT_FLATTEXTURE.OBJ
C:\USERS\THEONLYHUNTER\DESKTOP\ICE_BLOCK\ICE_BLOCK\AZUL\DEBUG\RENDER_COLORNOTEXTURE.OBJ
C:\USERS\THEONLYHUNTER\DESKTOP\ICE_BLOCK\ICE_BLOCK\AZUL\DEBUG\GRAPHICSOBJECT_COLORNOTEXTURE.OBJ
C:\USERS\THEONLYHUNTER\DESKTOP\ICE_BLOCK\ICE_BLOCK\AZUL\DEBUG\RENDERMATERIAL.OBJ
C:\USERS\THEONLYHUNTER\DESKTOP\ICE_BLOCK\ICE_BLOCK\AZUL\DEBUG\GPUMODEL.OBJ
C:\USERS\THEONLYHUNTER\DESKTOP\ICE_BLOCK\ICE_BLOCK\AZUL\DEBUG\RENDERMAN.OBJ
C:\USERS\THEONLYHUNTER\DESKTOP\ICE_BLOCK\ICE_BLOCK\AZUL\LIB\AZULDEBUG.LIB
C:\Users\Theonlyhunter\Desktop\Ice_Block\Ice_Block\Azul\Debug\BoxModel.obj
C:\Users\Theonlyhunter\Desktop\Ice_Block\Ice_Block\Azul\Debug\Camera.obj
C:\Users\Theonlyhunter\Desktop\Ice_Block\Ice_Block\Azul\Debug\CameraMan.obj
C:\Users\Theonlyhunter\Desktop\Ice_Block\Ice_Block\Azul\Debug\Engine.obj
C:\Users\Theonlyhunter\Desktop\Ice_Block\Ice_Block\Azul\Debug\GpuModel.obj
C:\Users\Theonlyhunter\Desktop\Ice_Block\Ice_Block\Azul\Debug\GpuTexture.obj
C:\Users\Theonlyhunter\Desktop\Ice_Block\Ice_Block\Azul\Debug\GraphicsObject.obj
C:\Users\Theonlyhunter\Desktop\Ice_Block\Ice_Block\Azul\Debug\GraphicsObject_ColorNoTexture.obj
C:\Users\Theonlyhunter\Desktop\Ice_Block\Ice_Block\Azul\Debug\GraphicsObject_FlatTexture.obj
C:\Users\Theonlyhunter\Desktop\Ice_Block\Ice_Block\Azul\Debug\GraphicsObject_WireFrame.obj
C:\Users\Theonlyhunter\Desktop\Ice_Block\Ice_Block\Azul\Debug\InputMan.obj
C:\Users\Theonlyhunter\Desktop\Ice_Block\Ice_Block\Azul\Debug\Keyboard.obj
C:\Users\Theonlyhunter\Desktop\Ice_Block\Ice_Block\Azul\Debug\Mouse.obj
C:\Users\Theonlyhunter\Desktop\Ice_Block\Ice_Block\Azul\Debug\PyramidCreateModel.obj
C:\Users\Theonlyhunter\Desktop\Ice_Block\Ice_Block\Azul\Debug\RenderMan.obj
C:\Users\Theonlyhunter\Desktop\Ice_Block\Ice_Block\Azul\Debug\RenderMaterial.obj
C:\Users\Theonlyhunter\Desktop\Ice_Block\Ice_Block\Azul\Debug\Render_ColorNoTexture.obj
C:\Users\Theonlyhunter\Desktop\Ice_Block\Ice_Block\Azul\Debug\Render_FlatTexture.obj
C:\Users\Theonlyhunter\Desktop\Ice_Block\Ice_Block\Azul\Debug\Render_WireFrame.obj
C:\Users\Theonlyhunter\Desktop\Ice_Block\Ice_Block\Azul\Debug\ShaderMan.obj
C:\Users\Theonlyhunter\Desktop\Ice_Block\Ice_Block\Azul\Debug\SphereModel.obj
C:\Users\Theonlyhunter\Desktop\Ice_Block\Ice_Block\Azul\Debug\UserInterface.obj
C:\Users\Theonlyhunter\Desktop\Ice_Block\Ice_Block\Azul\Debug\CL.10180.read.1.tlog
C:\Users\Theonlyhunter\Desktop\Ice_Block\Ice_Block\Azul\Debug\CL.10180.write.1.tlog
C:\Users\Theonlyhunter\Desktop\Ice_Block\Ice_Block\Azul\Debug\CL.10224.read.1.tlog
C:\Users\Theonlyhunter\Desktop\Ice_Block\Ice_Block\Azul\Debug\CL.10224.write.1.tlog
C:\Users\Theonlyhunter\Desktop\Ice_Block\Ice_Block\Azul\Debug\CL.10976.read.1.tlog
C:\Users\Theonlyhunter\Desktop\Ice_Block\Ice_Block\Azul\Debug\CL.10976.write.1.tlog
C:\Users\Theonlyhunter\Desktop\Ice_Block\Ice_Block\Azul\Debug\CL.5172.read.1.tlog
C:\Users\Theonlyhunter\Desktop\Ice_Block\Ice_Block\Azul\Debug\CL.5172.write.1.tlog
C:\Users\Theonlyhunter\Desktop\Ice_Block\Ice_Block\Azul\Debug\CL.7180.read.1.tlog
C:\Users\Theonlyhunter\Desktop\Ice_Block\Ice_Block\Azul\Debug\CL.7180.write.1.tlog
C:\Users\Theonlyhunter\Desktop\Ice_Block\Ice_Block\Azul\Debug\CL.7364.read.1.tlog
C:\Users\Theonlyhunter\Desktop\Ice_Block\Ice_Block\Azul\Debug\CL.7364.write.1.tlog
C:\Users\Theonlyhunter\Desktop\Ice_Block\Ice_Block\Azul\Debug\CL.8476.read.1.tlog
C:\Users\Theonlyhunter\Desktop\Ice_Block\Ice_Block\Azul\Debug\CL.8476.write.1.tlog
C:\Users\Theonlyhunter\Desktop\Ice_Block\Ice_Block\Azul\Debug\CL.8608.read.1.tlog
C:\Users\Theonlyhunter\Desktop\Ice_Block\Ice_Block\Azul\Debug\CL.8608.write.1.tlog
C:\Users\Theonlyhunter\Desktop\Ice_Block\Ice_Block\Azul\Debug\CL.8748.read.1.tlog
C:\Users\Theonlyhunter\Desktop\Ice_Block\Ice_Block\Azul\Debug\CL.8748.write.1.tlog
C:\Users\Theonlyhunter\Desktop\Ice_Block\Ice_Block\Azul\Debug\CL.9220.read.1.tlog
C:\Users\Theonlyhunter\Desktop\Ice_Block\Ice_Block\Azul\Debug\CL.9220.write.1.tlog
C:\Users\Theonlyhunter\Desktop\Ice_Block\Ice_Block\Azul\Debug\CL.9228.read.1.tlog
C:\Users\Theonlyhunter\Desktop\Ice_Block\Ice_Block\Azul\Debug\CL.9228.write.1.tlog
C:\Users\Theonlyhunter\Desktop\Ice_Block\Ice_Block\Azul\Debug\cl.command.1.tlog
C:\Users\Theonlyhunter\Desktop\Ice_Block\Ice_Block\Azul\Debug\CL.read.1.tlog
C:\Users\Theonlyhunter\Desktop\Ice_Block\Ice_Block\Azul\Debug\cl.write.1.tlog
C:\Users\Theonlyhunter\Desktop\Ice_Block\Ice_Block\Azul\Debug\Lib-link.read.1.tlog
C:\Users\Theonlyhunter\Desktop\Ice_Block\Ice_Block\Azul\Debug\Lib-link.write.1.tlog
C:\Users\Theonlyhunter\Desktop\Ice_Block\Ice_Block\Azul\Debug\lib.command.1.tlog
C:\Users\Theonlyhunter\Desktop\Ice_Block\Ice_Block\Azul\lib\AzulDebug.pdb
C:\Users\Theonlyhunter\Desktop\Ice_Block\Ice_Block\Azul\lib\AzulDebug.lib
