C:\USERS\THEONLYHUNTER\DESKTOP\ICE_BLOCK\ICE_BLOCK\MATH\LIB\MATHDEBUG.PDB
C:\USERS\THEONLYHUNTER\DESKTOP\ICE_BLOCK\ICE_BLOCK\MATH\LIB\MATHDEBUG.LIB
C:\Users\Theonlyhunter\Desktop\Ice_Block\Ice_Block\Math\Debug\Matrix.obj
C:\Users\Theonlyhunter\Desktop\Ice_Block\Ice_Block\Math\Debug\Quat.obj
C:\Users\Theonlyhunter\Desktop\Ice_Block\Ice_Block\Math\Debug\QuatApp.obj
C:\Users\Theonlyhunter\Desktop\Ice_Block\Ice_Block\Math\Debug\Util.obj
C:\Users\Theonlyhunter\Desktop\Ice_Block\Ice_Block\Math\Debug\Vect.obj
C:\Users\Theonlyhunter\Desktop\Ice_Block\Ice_Block\Math\Debug\VectApp.obj
C:\Users\Theonlyhunter\Desktop\Ice_Block\Ice_Block\Math\Debug\CL.3064.read.1.tlog
C:\Users\Theonlyhunter\Desktop\Ice_Block\Ice_Block\Math\Debug\CL.3064.write.1.tlog
C:\Users\Theonlyhunter\Desktop\Ice_Block\Ice_Block\Math\Debug\CL.6308.read.1.tlog
C:\Users\Theonlyhunter\Desktop\Ice_Block\Ice_Block\Math\Debug\CL.6308.write.1.tlog
C:\Users\Theonlyhunter\Desktop\Ice_Block\Ice_Block\Math\Debug\CL.9172.read.1.tlog
C:\Users\Theonlyhunter\Desktop\Ice_Block\Ice_Block\Math\Debug\CL.9172.write.1.tlog
C:\Users\Theonlyhunter\Desktop\Ice_Block\Ice_Block\Math\Debug\CL.9260.read.1.tlog
C:\Users\Theonlyhunter\Desktop\Ice_Block\Ice_Block\Math\Debug\CL.9260.write.1.tlog
C:\Users\Theonlyhunter\Desktop\Ice_Block\Ice_Block\Math\Debug\CL.9400.read.1.tlog
C:\Users\Theonlyhunter\Desktop\Ice_Block\Ice_Block\Math\Debug\CL.9400.write.1.tlog
C:\Users\Theonlyhunter\Desktop\Ice_Block\Ice_Block\Math\Debug\CL.9508.read.1.tlog
C:\Users\Theonlyhunter\Desktop\Ice_Block\Ice_Block\Math\Debug\CL.9508.write.1.tlog
C:\Users\Theonlyhunter\Desktop\Ice_Block\Ice_Block\Math\Debug\cl.command.1.tlog
C:\Users\Theonlyhunter\Desktop\Ice_Block\Ice_Block\Math\Debug\CL.read.1.tlog
C:\Users\Theonlyhunter\Desktop\Ice_Block\Ice_Block\Math\Debug\cl.write.1.tlog
C:\Users\Theonlyhunter\Desktop\Ice_Block\Ice_Block\Math\Debug\Lib-link.read.1.tlog
C:\Users\Theonlyhunter\Desktop\Ice_Block\Ice_Block\Math\Debug\Lib-link.write.1.tlog
C:\Users\Theonlyhunter\Desktop\Ice_Block\Ice_Block\Math\Debug\lib.command.1.tlog
C:\Users\Theonlyhunter\Desktop\Ice_Block\Ice_Block\Math\lib\MathDebug.pdb
C:\Users\Theonlyhunter\Desktop\Ice_Block\Ice_Block\Math\lib\MathDebug.lib
