Build started 8/13/2015 11:19:17 AM.
     1>Project "C:\Users\Theonlyhunter\Desktop\Ice_Block\Ice_Block\Math\Math.vcxproj" on node 2 (Rebuild target(s)).
     1>ClCompile:
         C:\Program Files (x86)\Microsoft Visual Studio 11.0\VC\bin\CL.exe /c /IC:\Users\Theonlyhunter\Desktop\Ice_Block\Ice_Block\.\Math\include /Zi /nologo /W4 /WX /MP /Od /Oy- /D WIN32 /D _DEBUG /D _LIB /D _MBCS /GF- /Gm- /RTC1 /MTd /GS- /Gy- /fp:precise /Zc:wchar_t /Zc:forScope /Fo"Debug\\" /Fd"C:\Users\Theonlyhunter\Desktop\Ice_Block\Ice_Block\Math\lib\MathDebug.pdb" /Gd /TP /analyze- /errorReport:prompt src\Matrix.cpp src\Quat.cpp src\QuatApp.cpp src\Util.cpp src\Vect.cpp src\VectApp.cpp
         Matrix.cpp
         Quat.cpp
         QuatApp.cpp
         Util.cpp
         Vect.cpp
         VectApp.cpp
       Lib:
         C:\Program Files (x86)\Microsoft Visual Studio 11.0\VC\bin\Lib.exe /OUT:"C:\Users\Theonlyhunter\Desktop\Ice_Block\Ice_Block\Math\lib\MathDebug.lib" /NOLOGO Debug\Matrix.obj
         Debug\Quat.obj
         Debug\QuatApp.obj
         Debug\Util.obj
         Debug\Vect.obj
         Debug\VectApp.obj
         Math.vcxproj -> C:\Users\Theonlyhunter\Desktop\Ice_Block\Ice_Block\Math\lib\MathDebug.lib
     1>Done Building Project "C:\Users\Theonlyhunter\Desktop\Ice_Block\Ice_Block\Math\Math.vcxproj" (Rebuild target(s)).

Build succeeded.

Time Elapsed 00:00:01.63
