C:\USERS\THEONLYHUNTER\DESKTOP\ICE_BLOCK\ICE_BLOCK\DEBUG\FLYINGCAMERADEBUG.PDB
C:\USERS\THEONLYHUNTER\DESKTOP\ICE_BLOCK\ICE_BLOCK\GAME\DEBUG\VISUALIZER.OBJ
C:\USERS\THEONLYHUNTER\DESKTOP\ICE_BLOCK\ICE_BLOCK\GAME\DEBUG\LEVEL1.OBJ
C:\USERS\THEONLYHUNTER\DESKTOP\ICE_BLOCK\ICE_BLOCK\GAME\DEBUG\SCENE.OBJ
C:\USERS\THEONLYHUNTER\DESKTOP\ICE_BLOCK\ICE_BLOCK\DEBUG\FLYINGCAMERADEBUG.ILK
C:\USERS\THEONLYHUNTER\DESKTOP\ICE_BLOCK\ICE_BLOCK\DEBUG\FLYINGCAMERADEBUG.EXE
C:\Users\Theonlyhunter\Desktop\Ice_Block\Ice_Block\Game\Debug\Alarmable.obj
C:\Users\Theonlyhunter\Desktop\Ice_Block\Ice_Block\Game\Debug\AlarmManager.obj
C:\Users\Theonlyhunter\Desktop\Ice_Block\Ice_Block\Game\Debug\AlarmMarker.obj
C:\Users\Theonlyhunter\Desktop\Ice_Block\Ice_Block\Game\Debug\Alarmtest.obj
C:\Users\Theonlyhunter\Desktop\Ice_Block\Ice_Block\Game\Debug\axis.obj
C:\Users\Theonlyhunter\Desktop\Ice_Block\Ice_Block\Game\Debug\BoundingSphereVolume.obj
C:\Users\Theonlyhunter\Desktop\Ice_Block\Ice_Block\Game\Debug\Collidable.obj
C:\Users\Theonlyhunter\Desktop\Ice_Block\Ice_Block\Game\Debug\CollidableGroupBase.obj
C:\Users\Theonlyhunter\Desktop\Ice_Block\Ice_Block\Game\Debug\ColliderAABB.obj
C:\Users\Theonlyhunter\Desktop\Ice_Block\Ice_Block\Game\Debug\ColliderOBB.obj
C:\Users\Theonlyhunter\Desktop\Ice_Block\Ice_Block\Game\Debug\CollisionManager.obj
C:\Users\Theonlyhunter\Desktop\Ice_Block\Ice_Block\Game\Debug\Draw.obj
C:\Users\Theonlyhunter\Desktop\Ice_Block\Ice_Block\Game\Debug\DrawManager.obj
C:\Users\Theonlyhunter\Desktop\Ice_Block\Ice_Block\Game\Debug\Dumpster.obj
C:\Users\Theonlyhunter\Desktop\Ice_Block\Ice_Block\Game\Debug\floor_plane.obj
C:\Users\Theonlyhunter\Desktop\Ice_Block\Ice_Block\Game\Debug\Game.obj
C:\Users\Theonlyhunter\Desktop\Ice_Block\Ice_Block\Game\Debug\GameObjects.obj
C:\Users\Theonlyhunter\Desktop\Ice_Block\Ice_Block\Game\Debug\IceBlockMath.obj
C:\Users\Theonlyhunter\Desktop\Ice_Block\Ice_Block\Game\Debug\Ice_Block_Content.obj
C:\Users\Theonlyhunter\Desktop\Ice_Block\Ice_Block\Game\Debug\Inputable.obj
C:\Users\Theonlyhunter\Desktop\Ice_Block\Ice_Block\Game\Debug\InputableManager.obj
C:\Users\Theonlyhunter\Desktop\Ice_Block\Ice_Block\Game\Debug\KeyState.obj
C:\Users\Theonlyhunter\Desktop\Ice_Block\Ice_Block\Game\Debug\level1.obj
C:\Users\Theonlyhunter\Desktop\Ice_Block\Ice_Block\Game\Debug\level2.obj
C:\Users\Theonlyhunter\Desktop\Ice_Block\Ice_Block\Game\Debug\LoadAllResources.obj
C:\Users\Theonlyhunter\Desktop\Ice_Block\Ice_Block\Game\Debug\main.obj
C:\Users\Theonlyhunter\Desktop\Ice_Block\Ice_Block\Game\Debug\ResourceManager.obj
C:\Users\Theonlyhunter\Desktop\Ice_Block\Ice_Block\Game\Debug\Scene.obj
C:\Users\Theonlyhunter\Desktop\Ice_Block\Ice_Block\Game\Debug\SceneManager.obj
C:\Users\Theonlyhunter\Desktop\Ice_Block\Ice_Block\Game\Debug\TankBase.obj
C:\Users\Theonlyhunter\Desktop\Ice_Block\Ice_Block\Game\Debug\TankDemo.obj
C:\Users\Theonlyhunter\Desktop\Ice_Block\Ice_Block\Game\Debug\TankTurret.obj
C:\Users\Theonlyhunter\Desktop\Ice_Block\Ice_Block\Game\Debug\Terminable.obj
C:\Users\Theonlyhunter\Desktop\Ice_Block\Ice_Block\Game\Debug\TerminableManager.obj
C:\Users\Theonlyhunter\Desktop\Ice_Block\Ice_Block\Game\Debug\TerrainModel.obj
C:\Users\Theonlyhunter\Desktop\Ice_Block\Ice_Block\Game\Debug\testGO.obj
C:\Users\Theonlyhunter\Desktop\Ice_Block\Ice_Block\Game\Debug\testGO2.obj
C:\Users\Theonlyhunter\Desktop\Ice_Block\Ice_Block\Game\Debug\TestingPair2.obj
C:\Users\Theonlyhunter\Desktop\Ice_Block\Ice_Block\Game\Debug\TestingPair3.obj
C:\Users\Theonlyhunter\Desktop\Ice_Block\Ice_Block\Game\Debug\testobject.obj
C:\Users\Theonlyhunter\Desktop\Ice_Block\Ice_Block\Game\Debug\Timeable.obj
C:\Users\Theonlyhunter\Desktop\Ice_Block\Ice_Block\Game\Debug\TimeManager.obj
C:\Users\Theonlyhunter\Desktop\Ice_Block\Ice_Block\Game\Debug\Updatable.obj
C:\Users\Theonlyhunter\Desktop\Ice_Block\Ice_Block\Game\Debug\UpdateManager.obj
C:\Users\Theonlyhunter\Desktop\Ice_Block\Ice_Block\Game\Debug\UserCamera.obj
C:\Users\Theonlyhunter\Desktop\Ice_Block\Ice_Block\Game\Debug\Visualizer.obj
C:\Users\Theonlyhunter\Desktop\Ice_Block\Ice_Block\Game\Debug\CL.10056.read.1.tlog
C:\Users\Theonlyhunter\Desktop\Ice_Block\Ice_Block\Game\Debug\CL.10056.write.1.tlog
C:\Users\Theonlyhunter\Desktop\Ice_Block\Ice_Block\Game\Debug\CL.10752.read.1.tlog
C:\Users\Theonlyhunter\Desktop\Ice_Block\Ice_Block\Game\Debug\CL.10752.write.1.tlog
C:\Users\Theonlyhunter\Desktop\Ice_Block\Ice_Block\Game\Debug\CL.10784.read.1.tlog
C:\Users\Theonlyhunter\Desktop\Ice_Block\Ice_Block\Game\Debug\CL.10784.write.1.tlog
C:\Users\Theonlyhunter\Desktop\Ice_Block\Ice_Block\Game\Debug\CL.11096.read.1.tlog
C:\Users\Theonlyhunter\Desktop\Ice_Block\Ice_Block\Game\Debug\CL.11096.write.1.tlog
C:\Users\Theonlyhunter\Desktop\Ice_Block\Ice_Block\Game\Debug\CL.4244.read.1.tlog
C:\Users\Theonlyhunter\Desktop\Ice_Block\Ice_Block\Game\Debug\CL.4244.write.1.tlog
C:\Users\Theonlyhunter\Desktop\Ice_Block\Ice_Block\Game\Debug\CL.5644.read.1.tlog
C:\Users\Theonlyhunter\Desktop\Ice_Block\Ice_Block\Game\Debug\CL.5644.write.1.tlog
C:\Users\Theonlyhunter\Desktop\Ice_Block\Ice_Block\Game\Debug\CL.7472.read.1.tlog
C:\Users\Theonlyhunter\Desktop\Ice_Block\Ice_Block\Game\Debug\CL.7472.write.1.tlog
C:\Users\Theonlyhunter\Desktop\Ice_Block\Ice_Block\Game\Debug\CL.8868.read.1.tlog
C:\Users\Theonlyhunter\Desktop\Ice_Block\Ice_Block\Game\Debug\CL.8868.write.1.tlog
C:\Users\Theonlyhunter\Desktop\Ice_Block\Ice_Block\Game\Debug\CL.8944.read.1.tlog
C:\Users\Theonlyhunter\Desktop\Ice_Block\Ice_Block\Game\Debug\CL.8944.write.1.tlog
C:\Users\Theonlyhunter\Desktop\Ice_Block\Ice_Block\Game\Debug\CL.9628.read.1.tlog
C:\Users\Theonlyhunter\Desktop\Ice_Block\Ice_Block\Game\Debug\CL.9628.write.1.tlog
C:\Users\Theonlyhunter\Desktop\Ice_Block\Ice_Block\Game\Debug\cl.command.1.tlog
C:\Users\Theonlyhunter\Desktop\Ice_Block\Ice_Block\Game\Debug\CL.read.1.tlog
C:\Users\Theonlyhunter\Desktop\Ice_Block\Ice_Block\Game\Debug\cl.write.1.tlog
C:\Users\Theonlyhunter\Desktop\Ice_Block\Ice_Block\Game\Debug\link.command.1.tlog
C:\Users\Theonlyhunter\Desktop\Ice_Block\Ice_Block\Game\Debug\link.read.1.tlog
C:\Users\Theonlyhunter\Desktop\Ice_Block\Ice_Block\Game\Debug\link.write.1.tlog
C:\Users\Theonlyhunter\Desktop\Ice_Block\Ice_Block\Debug\FlyingCameraDebug.pdb
C:\Users\Theonlyhunter\Desktop\Ice_Block\Ice_Block\Debug\FlyingCameraDebug.exe
C:\Users\Theonlyhunter\Desktop\Ice_Block\Ice_Block\Debug\FlyingCameraDebug.ilk
